<!DOCTYPE html PUBLIC "-//W3C//DTD XHTML 1.1//EN" "http://www.w3.org/TR/xhtml11/DTD/xhtml11.dtd">
<html xmlns="http://www.w3.org/1999/xhtml"><head><title>TestNG Report</title><style type="text/css">table {margin-bottom:10px;border-collapse:collapse;empty-cells:show}th,td {border:1px solid #009;padding:.25em .5em}th {vertical-align:bottom}td {vertical-align:top}table a {font-weight:bold}.stripe td {background-color: #E6EBF9}.num {text-align:right}.passedodd td {background-color: #3F3}.passedeven td {background-color: #0A0}.skippedodd td {background-color: #DDD}.skippedeven td {background-color: #CCC}.failedodd td,.attn {background-color: #F33}.failedeven td,.stripe .attn {background-color: #D00}.stacktrace {white-space:pre;font-family:monospace}.totop {font-size:85%;text-align:center;border-bottom:2px solid #000}</style></head><body><table><tr><th>Test</th><th># Passed</th><th># Skipped</th><th># Failed</th><th>Time (ms)</th><th>Included Groups</th><th>Excluded Groups</th></tr><tr><th colspan="7">Surefire suite</th></tr><tr><td><a href="#t0">Surefire test</a></td><td class="num">3</td><td class="num attn">4</td><td class="num attn">6</td><td class="num">27</td><td></td><td></td></tr></table><table><thead><tr><th>Class</th><th>Method</th><th>Start</th><th>Time (ms)</th></tr></thead><tbody><tr><th colspan="4">Surefire suite</th></tr></tbody><tbody id="t0"><tr><th colspan="4">Surefire test &#8212; failed</th></tr><tr class="failedeven"><td rowspan="6">com.global.test.GlobTest</td><td><a href="#m0">test1</a></td><td rowspan="1">1565686734565</td><td rowspan="1">8</td></tr><tr class="failedeven"><td><a href="#m1">test4</a></td><td rowspan="1">1565686734580</td><td rowspan="1">0</td></tr><tr class="failedeven"><td><a href="#m2">test5</a></td><td rowspan="1">1565686734580</td><td rowspan="1">0</td></tr><tr class="failedeven"><td><a href="#m3">test6</a></td><td rowspan="1">1565686734581</td><td rowspan="1">0</td></tr><tr class="failedeven"><td><a href="#m4">test_Title</a></td><td rowspan="1">1565686734582</td><td rowspan="1">0</td></tr><tr class="failedeven"><td><a href="#m5">test_Url</a></td><td rowspan="1">1565686734583</td><td rowspan="1">0</td></tr><tr><th colspan="4">Surefire test &#8212; skipped</th></tr><tr class="skippedeven"><td rowspan="4">com.global.test.GlobTest</td><td><a href="#m6">test10</a></td><td rowspan="1">1565686734578</td><td rowspan="1">0</td></tr><tr class="skippedeven"><td><a href="#m7">test2</a></td><td rowspan="1">1565686734579</td><td rowspan="1">0</td></tr><tr class="skippedeven"><td><a href="#m8">test3</a></td><td rowspan="1">1565686734579</td><td rowspan="1">0</td></tr><tr class="skippedeven"><td><a href="#m9">test9</a></td><td rowspan="1">1565686734582</td><td rowspan="1">0</td></tr><tr><th colspan="4">Surefire test &#8212; passed</th></tr><tr class="passedeven"><td rowspan="3">com.global.test.GlobTest</td><td><a href="#m10">test7</a></td><td rowspan="1">1565686734581</td><td rowspan="1">0</td></tr><tr class="passedeven"><td><a href="#m11">test8</a></td><td rowspan="1">1565686734582</td><td rowspan="1">0</td></tr><tr class="passedeven"><td><a href="#m12">test_serachText</a></td><td rowspan="1">1565686734583</td><td rowspan="1">0</td></tr></tbody></table><h2>Surefire test</h2><h3 id="m0">com.global.test.GlobTest#test1</h3><table class="result"><tr><th>Exception</th></tr><tr><td><div class="stacktrace">java.lang.AssertionError: expected [true] but found [false]
	at com.global.test.GlobTest.test1(GlobTest.java:23)
... Removed 32 stack frames</div></td></tr></table><p class="totop"><a href="#summary">back to summary</a></p><h3 id="m1">com.global.test.GlobTest#test4</h3><table class="result"><tr><th>Exception</th></tr><tr><td><div class="stacktrace">java.lang.AssertionError: expected [10] but found [20]
	at com.global.test.GlobTest.test4(GlobTest.java:44)
... Removed 34 stack frames</div></td></tr></table><p class="totop"><a href="#summary">back to summary</a></p><h3 id="m2">com.global.test.GlobTest#test5</h3><table class="result"><tr><th>Exception</th></tr><tr><td><div class="stacktrace">java.lang.AssertionError: expected [https://www.amazon.com/] but found [Amazon]
	at com.global.test.GlobTest.test5(GlobTest.java:49)
... Removed 34 stack frames</div></td></tr></table><p class="totop"><a href="#summary">back to summary</a></p><h3 id="m3">com.global.test.GlobTest#test6</h3><table class="result"><tr><th>Exception</th></tr><tr><td><div class="stacktrace">java.lang.AssertionError: expected [edgeop] but found [edgeops]
	at com.global.test.GlobTest.test6(GlobTest.java:54)
... Removed 34 stack frames</div></td></tr></table><p class="totop"><a href="#summary">back to summary</a></p><h3 id="m4">com.global.test.GlobTest#test_Title</h3><table class="result"><tr><th>Exception</th></tr><tr><td><div class="stacktrace">java.lang.AssertionError: expected [ola] but found [uber]
	at com.global.test.GlobTest.test_Title(GlobTest.java:18)
... Removed 34 stack frames</div></td></tr></table><p class="totop"><a href="#summary">back to summary</a></p><h3 id="m5">com.global.test.GlobTest#test_Url</h3><table class="result"><tr><th>Exception</th></tr><tr><td><div class="stacktrace">java.lang.AssertionError: expected [https://www.olx.com/] but found [olx]
	at com.global.test.GlobTest.test_Url(GlobTest.java:11)
... Removed 34 stack frames</div></td></tr></table><p class="totop"><a href="#summary">back to summary</a></p><h3 id="m6">com.global.test.GlobTest#test10</h3><table class="result"><tr><th>Exception</th></tr><tr><td><div class="stacktrace">org.testng.SkipException: skipped
	at com.global.test.GlobTest.test10(GlobTest.java:74)
... Removed 28 stack frames</div></td></tr></table><p class="totop"><a href="#summary">back to summary</a></p><h3 id="m7">com.global.test.GlobTest#test2</h3><table class="result"><tr><th>Exception</th></tr><tr><td><div class="stacktrace">org.testng.SkipException: skipped
	at com.global.test.GlobTest.test2(GlobTest.java:34)
... Removed 28 stack frames</div></td></tr></table><p class="totop"><a href="#summary">back to summary</a></p><h3 id="m8">com.global.test.GlobTest#test3</h3><table class="result"><tr><th>Exception</th></tr><tr><td><div class="stacktrace">org.testng.SkipException: skipped
	at com.global.test.GlobTest.test3(GlobTest.java:39)
... Removed 28 stack frames</div></td></tr></table><p class="totop"><a href="#summary">back to summary</a></p><h3 id="m9">com.global.test.GlobTest#test9</h3><table class="result"><tr><th>Exception</th></tr><tr><td><div class="stacktrace">org.testng.SkipException: skipped
	at com.global.test.GlobTest.test9(GlobTest.java:69)
... Removed 28 stack frames</div></td></tr></table><p class="totop"><a href="#summary">back to summary</a></p><h3 id="m10">com.global.test.GlobTest#test7</h3><table class="result"></table><p class="totop"><a href="#summary">back to summary</a></p><h3 id="m11">com.global.test.GlobTest#test8</h3><table class="result"></table><p class="totop"><a href="#summary">back to summary</a></p><h3 id="m12">com.global.test.GlobTest#test_serachText</h3><table class="result"></table><p class="totop"><a href="#summary">back to summary</a></p></body></html>